<?xml version="1.0" encoding="UTF-8"?>
<!-- Generated by org.testng.reporters.JUnitXMLReporter -->
<testsuite ignored="4" hostname="DESKTOP-OIGE0TE" failures="1" tests="10" name="loginTest" time="28.292" errors="0" timestamp="2019-11-07T21:09:08 IST">
  <testcase classname="tests.login.LoginWithInValidCredentials" name="launchingBrowser" time="9.072"/>
  <testcase classname="tests.login.LoginWithInValidCredentials" name="validateLogo" time="0.1"/>
  <testcase classname="tests.login.LoginWithInValidCredentials" name="validateTitle" time="0.012"/>
  <testcase classname="tests.login.LoginWithInValidCredentials" name="login" time="6.148"/>
  <testcase classname="tests.login.LoginWithInValidCredentials" name="validateLogin" time="0.024">
    <failure type="java.lang.AssertionError" message="expected [CRMPRO - CRM software for customer relationship management, sales, and support.] but found [CRMPRO]">
      <![CDATA[java.lang.AssertionError: expected [CRMPRO - CRM software for customer relationship management, sales, and support.] but found [CRMPRO]
at tests.login.LoginWithInValidCredentials.validateLogin(LoginWithInValidCredentials.java:42)
at java.base/java.util.ArrayList.forEach(ArrayList.java:1540)
... Removed 32 stack frames]]>
    </failure>
  </testcase> <!-- validateLogin -->
  <testcase classname="tests.login.LoginWithValidCredentials" name="launchingBrowser" time="7.892"/>
  <testcase classname="tests.login.LoginWithValidCredentials" name="validateLogo" time="0.068"/>
  <testcase classname="tests.login.LoginWithValidCredentials" name="validateTitle" time="0.012"/>
  <testcase classname="tests.login.LoginWithValidCredentials" name="login" time="4.776"/>
  <testcase classname="tests.login.LoginWithValidCredentials" name="validateLogin" time="0.012"/>
  <testcase classname="framework.ConfigMethods" name="@BeforeTest beforeTest" time="0.0">
    <ignored/>
  </testcase> <!-- @BeforeTest beforeTest -->
  <testcase classname="framework.ConfigMethods" name="@AfterSuite afterSuite" time="0.0">
    <ignored/>
  </testcase> <!-- @AfterSuite afterSuite -->
  <testcase classname="framework.ConfigMethods" name="@AfterTest afterTest" time="0.0">
    <ignored/>
  </testcase> <!-- @AfterTest afterTest -->
  <testcase classname="framework.ConfigMethods" name="@BeforeSuite beforesuite" time="0.0">
    <ignored/>
  </testcase> <!-- @BeforeSuite beforesuite -->
</testsuite> <!-- loginTest -->
